/workspace/app.py:6: EventletDeprecationWarning: 
Eventlet is deprecated. It is currently being maintained in bugfix mode, and
we strongly recommend against using it for new projects.

If you are already using Eventlet, we recommend migrating to a different
framework.  For more detail see
https://eventlet.readthedocs.io/en/latest/asyncio/migration.html

  import eventlet
[INFO] 2026-04-14 10:09:33,572 - db - Initializing database connection to: sqlite:///./data/gemma_hub.db
[INFO] 2026-04-14 10:09:33,572 - db - 🔧 SQLite detected: using default pool settings
[INFO] 2026-04-14 10:09:33,600 - db - ✅ Successfully connected to SQLite database
[INFO] 2026-04-14 10:09:33,600 - db -    Database file: ./data/gemma_hub.db
[INFO] 2026-04-14 10:09:33,711 - db - Initializing database tables
[INFO] 2026-04-14 10:09:33,714 - db - Database initialization completed
[INFO] 2026-04-14 10:09:33,714 - app - Database initialized successfully
[INFO] 2026-04-14 10:09:33,727 - app - OllamaClient: host=http://localhost:11434, chat=gemma4:e4b, vision=gemma4:e4b, timeout=300s
[INFO] 2026-04-14 10:09:33,730 - app - OllamaClient: host=http://localhost:11434, chat=gemma4:e4b, vision=gemma4:e4b, timeout=300s
[INFO] 2026-04-14 10:09:33,731 - app - OllamaClient: host=http://localhost:11434, chat=gemma4:e4b, vision=gemma4:e4b, timeout=300s
[INFO] 2026-04-14 10:09:33,732 - app - OllamaClient: host=http://localhost:11434, chat=gemma4:e4b, vision=gemma4:e4b, timeout=300s
[INFO] 2026-04-14 10:09:33,772 - app - OllamaClient: host=http://localhost:11434, chat=gemma4:e4b, vision=gemma4:e4b, timeout=300s
[INFO] 2026-04-14 10:09:33,773 - app - Starting Gemma-Hub Server on port 5002...
